<?xml version="1.0" encoding="UTF-8"?>
<testsuite xmlns:xsi="http://www.w3.org/2001/XMLSchema-instance" xsi:noNamespaceSchemaLocation="https://maven.apache.org/surefire/maven-surefire-plugin/xsd/surefire-test-report.xsd" name="com.liuyiliang.SpringbootEduApplicationTests" time="0.002" tests="1" errors="0" skipped="0" failures="0">
  <properties>
    <property name="sun.desktop" value="windows"/>
    <property name="awt.toolkit" value="sun.awt.windows.WToolkit"/>
    <property name="java.specification.version" value="11"/>
    <property name="sun.cpu.isalist" value="amd64"/>
    <property name="sun.jnu.encoding" value="GBK"/>
    <property name="java.class.path" value="D:\idea\JAVA web\EducationalManagementSystem\target\test-classes;D:\idea\JAVA web\EducationalManagementSystem\target\classes;D:\maven_place\apache-maven-3.6.1\mvn_repo\org\springframework\boot\spring-boot-starter-jdbc\2.2.0.RELEASE\spring-boot-starter-jdbc-2.2.0.RELEASE.jar;D:\maven_place\apache-maven-3.6.1\mvn_repo\org\springframework\boot\spring-boot-starter\2.2.0.RELEASE\spring-boot-starter-2.2.0.RELEASE.jar;D:\maven_place\apache-maven-3.6.1\mvn_repo\org\springframework\boot\spring-boot\2.2.0.RELEASE\spring-boot-2.2.0.RELEASE.jar;D:\maven_place\apache-maven-3.6.1\mvn_repo\org\springframework\boot\spring-boot-autoconfigure\2.2.0.RELEASE\spring-boot-autoconfigure-2.2.0.RELEASE.jar;D:\maven_place\apache-maven-3.6.1\mvn_repo\org\springframework\boot\spring-boot-starter-logging\2.2.0.RELEASE\spring-boot-starter-logging-2.2.0.RELEASE.jar;D:\maven_place\apache-maven-3.6.1\mvn_repo\ch\qos\logback\logback-classic\1.2.3\logback-classic-1.2.3.jar;D:\maven_place\apache-maven-3.6.1\mvn_repo\ch\qos\logback\logback-core\1.2.3\logback-core-1.2.3.jar;D:\maven_place\apache-maven-3.6.1\mvn_repo\org\apache\logging\log4j\log4j-to-slf4j\2.12.1\log4j-to-slf4j-2.12.1.jar;D:\maven_place\apache-maven-3.6.1\mvn_repo\org\apache\logging\log4j\log4j-api\2.12.1\log4j-api-2.12.1.jar;D:\maven_place\apache-maven-3.6.1\mvn_repo\org\slf4j\jul-to-slf4j\1.7.28\jul-to-slf4j-1.7.28.jar;D:\maven_place\apache-maven-3.6.1\mvn_repo\org\yaml\snakeyaml\1.25\snakeyaml-1.25.jar;D:\maven_place\apache-maven-3.6.1\mvn_repo\com\zaxxer\HikariCP\3.4.1\HikariCP-3.4.1.jar;D:\maven_place\apache-maven-3.6.1\mvn_repo\org\slf4j\slf4j-api\1.7.28\slf4j-api-1.7.28.jar;D:\maven_place\apache-maven-3.6.1\mvn_repo\org\springframework\spring-jdbc\5.2.0.RELEASE\spring-jdbc-5.2.0.RELEASE.jar;D:\maven_place\apache-maven-3.6.1\mvn_repo\org\springframework\spring-beans\5.2.0.RELEASE\spring-beans-5.2.0.RELEASE.jar;D:\maven_place\apache-maven-3.6.1\mvn_repo\org\springframework\spring-tx\5.2.0.RELEASE\spring-tx-5.2.0.RELEASE.jar;D:\maven_place\apache-maven-3.6.1\mvn_repo\org\springframework\boot\spring-boot-starter-web\2.2.0.RELEASE\spring-boot-starter-web-2.2.0.RELEASE.jar;D:\maven_place\apache-maven-3.6.1\mvn_repo\org\springframework\boot\spring-boot-starter-json\2.2.0.RELEASE\spring-boot-starter-json-2.2.0.RELEASE.jar;D:\maven_place\apache-maven-3.6.1\mvn_repo\com\fasterxml\jackson\core\jackson-databind\2.10.0\jackson-databind-2.10.0.jar;D:\maven_place\apache-maven-3.6.1\mvn_repo\com\fasterxml\jackson\core\jackson-annotations\2.10.0\jackson-annotations-2.10.0.jar;D:\maven_place\apache-maven-3.6.1\mvn_repo\com\fasterxml\jackson\core\jackson-core\2.10.0\jackson-core-2.10.0.jar;D:\maven_place\apache-maven-3.6.1\mvn_repo\com\fasterxml\jackson\datatype\jackson-datatype-jdk8\2.10.0\jackson-datatype-jdk8-2.10.0.jar;D:\maven_place\apache-maven-3.6.1\mvn_repo\com\fasterxml\jackson\datatype\jackson-datatype-jsr310\2.10.0\jackson-datatype-jsr310-2.10.0.jar;D:\maven_place\apache-maven-3.6.1\mvn_repo\com\fasterxml\jackson\module\jackson-module-parameter-names\2.10.0\jackson-module-parameter-names-2.10.0.jar;D:\maven_place\apache-maven-3.6.1\mvn_repo\org\springframework\boot\spring-boot-starter-validation\2.2.0.RELEASE\spring-boot-starter-validation-2.2.0.RELEASE.jar;D:\maven_place\apache-maven-3.6.1\mvn_repo\jakarta\validation\jakarta.validation-api\2.0.1\jakarta.validation-api-2.0.1.jar;D:\maven_place\apache-maven-3.6.1\mvn_repo\org\hibernate\validator\hibernate-validator\6.0.17.Final\hibernate-validator-6.0.17.Final.jar;D:\maven_place\apache-maven-3.6.1\mvn_repo\org\jboss\logging\jboss-logging\3.4.1.Final\jboss-logging-3.4.1.Final.jar;D:\maven_place\apache-maven-3.6.1\mvn_repo\com\fasterxml\classmate\1.5.0\classmate-1.5.0.jar;D:\maven_place\apache-maven-3.6.1\mvn_repo\org\springframework\spring-web\5.2.0.RELEASE\spring-web-5.2.0.RELEASE.jar;D:\maven_place\apache-maven-3.6.1\mvn_repo\org\springframework\spring-webmvc\5.2.0.RELEASE\spring-webmvc-5.2.0.RELEASE.jar;D:\maven_place\apache-maven-3.6.1\mvn_repo\org\springframework\spring-aop\5.2.0.RELEASE\spring-aop-5.2.0.RELEASE.jar;D:\maven_place\apache-maven-3.6.1\mvn_repo\org\springframework\spring-context\5.2.0.RELEASE\spring-context-5.2.0.RELEASE.jar;D:\maven_place\apache-maven-3.6.1\mvn_repo\org\springframework\spring-expression\5.2.0.RELEASE\spring-expression-5.2.0.RELEASE.jar;D:\maven_place\apache-maven-3.6.1\mvn_repo\org\mybatis\spring\boot\mybatis-spring-boot-starter\2.1.1\mybatis-spring-boot-starter-2.1.1.jar;D:\maven_place\apache-maven-3.6.1\mvn_repo\org\mybatis\spring\boot\mybatis-spring-boot-autoconfigure\2.1.1\mybatis-spring-boot-autoconfigure-2.1.1.jar;D:\maven_place\apache-maven-3.6.1\mvn_repo\org\mybatis\mybatis\3.5.3\mybatis-3.5.3.jar;D:\maven_place\apache-maven-3.6.1\mvn_repo\org\mybatis\mybatis-spring\2.0.3\mybatis-spring-2.0.3.jar;D:\maven_place\apache-maven-3.6.1\mvn_repo\mysql\mysql-connector-java\8.0.18\mysql-connector-java-8.0.18.jar;D:\maven_place\apache-maven-3.6.1\mvn_repo\org\springframework\boot\spring-boot-starter-test\2.2.0.RELEASE\spring-boot-starter-test-2.2.0.RELEASE.jar;D:\maven_place\apache-maven-3.6.1\mvn_repo\org\springframework\boot\spring-boot-test\2.2.0.RELEASE\spring-boot-test-2.2.0.RELEASE.jar;D:\maven_place\apache-maven-3.6.1\mvn_repo\org\springframework\boot\spring-boot-test-autoconfigure\2.2.0.RELEASE\spring-boot-test-autoconfigure-2.2.0.RELEASE.jar;D:\maven_place\apache-maven-3.6.1\mvn_repo\com\jayway\jsonpath\json-path\2.4.0\json-path-2.4.0.jar;D:\maven_place\apache-maven-3.6.1\mvn_repo\net\minidev\json-smart\2.3\json-smart-2.3.jar;D:\maven_place\apache-maven-3.6.1\mvn_repo\net\minidev\accessors-smart\1.2\accessors-smart-1.2.jar;D:\maven_place\apache-maven-3.6.1\mvn_repo\org\ow2\asm\asm\5.0.4\asm-5.0.4.jar;D:\maven_place\apache-maven-3.6.1\mvn_repo\jakarta\xml\bind\jakarta.xml.bind-api\2.3.2\jakarta.xml.bind-api-2.3.2.jar;D:\maven_place\apache-maven-3.6.1\mvn_repo\jakarta\activation\jakarta.activation-api\1.2.1\jakarta.activation-api-1.2.1.jar;D:\maven_place\apache-maven-3.6.1\mvn_repo\org\junit\jupiter\junit-jupiter\5.5.2\junit-jupiter-5.5.2.jar;D:\maven_place\apache-maven-3.6.1\mvn_repo\org\junit\jupiter\junit-jupiter-api\5.5.2\junit-jupiter-api-5.5.2.jar;D:\maven_place\apache-maven-3.6.1\mvn_repo\org\apiguardian\apiguardian-api\1.1.0\apiguardian-api-1.1.0.jar;D:\maven_place\apache-maven-3.6.1\mvn_repo\org\opentest4j\opentest4j\1.2.0\opentest4j-1.2.0.jar;D:\maven_place\apache-maven-3.6.1\mvn_repo\org\junit\platform\junit-platform-commons\1.5.2\junit-platform-commons-1.5.2.jar;D:\maven_place\apache-maven-3.6.1\mvn_repo\org\junit\jupiter\junit-jupiter-params\5.5.2\junit-jupiter-params-5.5.2.jar;D:\maven_place\apache-maven-3.6.1\mvn_repo\org\junit\jupiter\junit-jupiter-engine\5.5.2\junit-jupiter-engine-5.5.2.jar;D:\maven_place\apache-maven-3.6.1\mvn_repo\org\junit\platform\junit-platform-engine\1.5.2\junit-platform-engine-1.5.2.jar;D:\maven_place\apache-maven-3.6.1\mvn_repo\org\mockito\mockito-junit-jupiter\3.1.0\mockito-junit-jupiter-3.1.0.jar;D:\maven_place\apache-maven-3.6.1\mvn_repo\org\assertj\assertj-core\3.13.2\assertj-core-3.13.2.jar;D:\maven_place\apache-maven-3.6.1\mvn_repo\org\hamcrest\hamcrest\2.1\hamcrest-2.1.jar;D:\maven_place\apache-maven-3.6.1\mvn_repo\org\mockito\mockito-core\3.1.0\mockito-core-3.1.0.jar;D:\maven_place\apache-maven-3.6.1\mvn_repo\net\bytebuddy\byte-buddy\1.10.1\byte-buddy-1.10.1.jar;D:\maven_place\apache-maven-3.6.1\mvn_repo\net\bytebuddy\byte-buddy-agent\1.10.1\byte-buddy-agent-1.10.1.jar;D:\maven_place\apache-maven-3.6.1\mvn_repo\org\objenesis\objenesis\2.6\objenesis-2.6.jar;D:\maven_place\apache-maven-3.6.1\mvn_repo\org\skyscreamer\jsonassert\1.5.0\jsonassert-1.5.0.jar;D:\maven_place\apache-maven-3.6.1\mvn_repo\com\vaadin\external\google\android-json\0.0.20131108.vaadin1\android-json-0.0.20131108.vaadin1.jar;D:\maven_place\apache-maven-3.6.1\mvn_repo\org\springframework\spring-core\5.2.0.RELEASE\spring-core-5.2.0.RELEASE.jar;D:\maven_place\apache-maven-3.6.1\mvn_repo\org\springframework\spring-jcl\5.2.0.RELEASE\spring-jcl-5.2.0.RELEASE.jar;D:\maven_place\apache-maven-3.6.1\mvn_repo\org\springframework\spring-test\5.2.0.RELEASE\spring-test-5.2.0.RELEASE.jar;D:\maven_place\apache-maven-3.6.1\mvn_repo\org\xmlunit\xmlunit-core\2.6.3\xmlunit-core-2.6.3.jar;D:\maven_place\apache-maven-3.6.1\mvn_repo\org\mybatis\generator\mybatis-generator-core\1.4.0\mybatis-generator-core-1.4.0.jar;D:\maven_place\apache-maven-3.6.1\mvn_repo\javax\annotation\javax.annotation-api\1.3.2\javax.annotation-api-1.3.2.jar;D:\maven_place\apache-maven-3.6.1\mvn_repo\org\projectlombok\lombok\1.18.10\lombok-1.18.10.jar;D:\maven_place\apache-maven-3.6.1\mvn_repo\org\apache\shiro\shiro-spring\1.4.0\shiro-spring-1.4.0.jar;D:\maven_place\apache-maven-3.6.1\mvn_repo\org\apache\shiro\shiro-core\1.4.0\shiro-core-1.4.0.jar;D:\maven_place\apache-maven-3.6.1\mvn_repo\org\apache\shiro\shiro-lang\1.4.0\shiro-lang-1.4.0.jar;D:\maven_place\apache-maven-3.6.1\mvn_repo\org\apache\shiro\shiro-cache\1.4.0\shiro-cache-1.4.0.jar;D:\maven_place\apache-maven-3.6.1\mvn_repo\org\apache\shiro\shiro-crypto-hash\1.4.0\shiro-crypto-hash-1.4.0.jar;D:\maven_place\apache-maven-3.6.1\mvn_repo\org\apache\shiro\shiro-crypto-core\1.4.0\shiro-crypto-core-1.4.0.jar;D:\maven_place\apache-maven-3.6.1\mvn_repo\org\apache\shiro\shiro-crypto-cipher\1.4.0\shiro-crypto-cipher-1.4.0.jar;D:\maven_place\apache-maven-3.6.1\mvn_repo\org\apache\shiro\shiro-config-core\1.4.0\shiro-config-core-1.4.0.jar;D:\maven_place\apache-maven-3.6.1\mvn_repo\org\apache\shiro\shiro-config-ogdl\1.4.0\shiro-config-ogdl-1.4.0.jar;D:\maven_place\apache-maven-3.6.1\mvn_repo\commons-beanutils\commons-beanutils\1.9.3\commons-beanutils-1.9.3.jar;D:\maven_place\apache-maven-3.6.1\mvn_repo\commons-collections\commons-collections\3.2.2\commons-collections-3.2.2.jar;D:\maven_place\apache-maven-3.6.1\mvn_repo\org\apache\shiro\shiro-event\1.4.0\shiro-event-1.4.0.jar;D:\maven_place\apache-maven-3.6.1\mvn_repo\org\apache\shiro\shiro-web\1.4.0\shiro-web-1.4.0.jar;D:\maven_place\apache-maven-3.6.1\mvn_repo\org\springframework\boot\spring-boot-starter-tomcat\2.2.0.RELEASE\spring-boot-starter-tomcat-2.2.0.RELEASE.jar;D:\maven_place\apache-maven-3.6.1\mvn_repo\jakarta\annotation\jakarta.annotation-api\1.3.5\jakarta.annotation-api-1.3.5.jar;D:\maven_place\apache-maven-3.6.1\mvn_repo\org\apache\tomcat\embed\tomcat-embed-core\9.0.27\tomcat-embed-core-9.0.27.jar;D:\maven_place\apache-maven-3.6.1\mvn_repo\org\apache\tomcat\embed\tomcat-embed-el\9.0.27\tomcat-embed-el-9.0.27.jar;D:\maven_place\apache-maven-3.6.1\mvn_repo\org\apache\tomcat\embed\tomcat-embed-websocket\9.0.27\tomcat-embed-websocket-9.0.27.jar;D:\maven_place\apache-maven-3.6.1\mvn_repo\javax\servlet\javax.servlet-api\4.0.1\javax.servlet-api-4.0.1.jar;D:\maven_place\apache-maven-3.6.1\mvn_repo\javax\servlet\jstl\1.2\jstl-1.2.jar;D:\maven_place\apache-maven-3.6.1\mvn_repo\org\apache\tomcat\embed\tomcat-embed-jasper\9.0.27\tomcat-embed-jasper-9.0.27.jar;D:\maven_place\apache-maven-3.6.1\mvn_repo\org\eclipse\jdt\ecj\3.18.0\ecj-3.18.0.jar;D:\maven_place\apache-maven-3.6.1\mvn_repo\com\github\pagehelper\pagehelper-spring-boot-starter\1.2.3\pagehelper-spring-boot-starter-1.2.3.jar;D:\maven_place\apache-maven-3.6.1\mvn_repo\com\github\pagehelper\pagehelper-spring-boot-autoconfigure\1.2.3\pagehelper-spring-boot-autoconfigure-1.2.3.jar;D:\maven_place\apache-maven-3.6.1\mvn_repo\com\github\pagehelper\pagehelper\5.1.2\pagehelper-5.1.2.jar;D:\maven_place\apache-maven-3.6.1\mvn_repo\com\github\jsqlparser\jsqlparser\1.0\jsqlparser-1.0.jar;"/>
    <property name="java.vm.vendor" value="Microsoft"/>
    <property name="sun.arch.data.model" value="64"/>
    <property name="user.variant" value=""/>
    <property name="java.vendor.url" value="https://www.microsoft.com"/>
    <property name="user.timezone" value="Asia/Shanghai"/>
    <property name="java.vm.specification.version" value="11"/>
    <property name="os.name" value="Windows 11"/>
    <property name="sun.java.launcher" value="SUN_STANDARD"/>
    <property name="user.country" value="CN"/>
    <property name="sun.boot.library.path" value="C:\Program Files\Microsoft\jdk-11.0.16.101-hotspot\bin"/>
    <property name="sun.java.command" value="C:\Users\我\AppData\Local\Temp\surefire8785371405899032543\surefirebooter9130733256002685621.jar C:\Users\我\AppData\Local\Temp\surefire8785371405899032543 2025-05-22T14-44-52_835-jvmRun1 surefire4637303472258502749tmp surefire_017295834442548405150tmp"/>
    <property name="jdk.debug" value="release"/>
    <property name="surefire.test.class.path" value="D:\idea\JAVA web\EducationalManagementSystem\target\test-classes;D:\idea\JAVA web\EducationalManagementSystem\target\classes;D:\maven_place\apache-maven-3.6.1\mvn_repo\org\springframework\boot\spring-boot-starter-jdbc\2.2.0.RELEASE\spring-boot-starter-jdbc-2.2.0.RELEASE.jar;D:\maven_place\apache-maven-3.6.1\mvn_repo\org\springframework\boot\spring-boot-starter\2.2.0.RELEASE\spring-boot-starter-2.2.0.RELEASE.jar;D:\maven_place\apache-maven-3.6.1\mvn_repo\org\springframework\boot\spring-boot\2.2.0.RELEASE\spring-boot-2.2.0.RELEASE.jar;D:\maven_place\apache-maven-3.6.1\mvn_repo\org\springframework\boot\spring-boot-autoconfigure\2.2.0.RELEASE\spring-boot-autoconfigure-2.2.0.RELEASE.jar;D:\maven_place\apache-maven-3.6.1\mvn_repo\org\springframework\boot\spring-boot-starter-logging\2.2.0.RELEASE\spring-boot-starter-logging-2.2.0.RELEASE.jar;D:\maven_place\apache-maven-3.6.1\mvn_repo\ch\qos\logback\logback-classic\1.2.3\logback-classic-1.2.3.jar;D:\maven_place\apache-maven-3.6.1\mvn_repo\ch\qos\logback\logback-core\1.2.3\logback-core-1.2.3.jar;D:\maven_place\apache-maven-3.6.1\mvn_repo\org\apache\logging\log4j\log4j-to-slf4j\2.12.1\log4j-to-slf4j-2.12.1.jar;D:\maven_place\apache-maven-3.6.1\mvn_repo\org\apache\logging\log4j\log4j-api\2.12.1\log4j-api-2.12.1.jar;D:\maven_place\apache-maven-3.6.1\mvn_repo\org\slf4j\jul-to-slf4j\1.7.28\jul-to-slf4j-1.7.28.jar;D:\maven_place\apache-maven-3.6.1\mvn_repo\org\yaml\snakeyaml\1.25\snakeyaml-1.25.jar;D:\maven_place\apache-maven-3.6.1\mvn_repo\com\zaxxer\HikariCP\3.4.1\HikariCP-3.4.1.jar;D:\maven_place\apache-maven-3.6.1\mvn_repo\org\slf4j\slf4j-api\1.7.28\slf4j-api-1.7.28.jar;D:\maven_place\apache-maven-3.6.1\mvn_repo\org\springframework\spring-jdbc\5.2.0.RELEASE\spring-jdbc-5.2.0.RELEASE.jar;D:\maven_place\apache-maven-3.6.1\mvn_repo\org\springframework\spring-beans\5.2.0.RELEASE\spring-beans-5.2.0.RELEASE.jar;D:\maven_place\apache-maven-3.6.1\mvn_repo\org\springframework\spring-tx\5.2.0.RELEASE\spring-tx-5.2.0.RELEASE.jar;D:\maven_place\apache-maven-3.6.1\mvn_repo\org\springframework\boot\spring-boot-starter-web\2.2.0.RELEASE\spring-boot-starter-web-2.2.0.RELEASE.jar;D:\maven_place\apache-maven-3.6.1\mvn_repo\org\springframework\boot\spring-boot-starter-json\2.2.0.RELEASE\spring-boot-starter-json-2.2.0.RELEASE.jar;D:\maven_place\apache-maven-3.6.1\mvn_repo\com\fasterxml\jackson\core\jackson-databind\2.10.0\jackson-databind-2.10.0.jar;D:\maven_place\apache-maven-3.6.1\mvn_repo\com\fasterxml\jackson\core\jackson-annotations\2.10.0\jackson-annotations-2.10.0.jar;D:\maven_place\apache-maven-3.6.1\mvn_repo\com\fasterxml\jackson\core\jackson-core\2.10.0\jackson-core-2.10.0.jar;D:\maven_place\apache-maven-3.6.1\mvn_repo\com\fasterxml\jackson\datatype\jackson-datatype-jdk8\2.10.0\jackson-datatype-jdk8-2.10.0.jar;D:\maven_place\apache-maven-3.6.1\mvn_repo\com\fasterxml\jackson\datatype\jackson-datatype-jsr310\2.10.0\jackson-datatype-jsr310-2.10.0.jar;D:\maven_place\apache-maven-3.6.1\mvn_repo\com\fasterxml\jackson\module\jackson-module-parameter-names\2.10.0\jackson-module-parameter-names-2.10.0.jar;D:\maven_place\apache-maven-3.6.1\mvn_repo\org\springframework\boot\spring-boot-starter-validation\2.2.0.RELEASE\spring-boot-starter-validation-2.2.0.RELEASE.jar;D:\maven_place\apache-maven-3.6.1\mvn_repo\jakarta\validation\jakarta.validation-api\2.0.1\jakarta.validation-api-2.0.1.jar;D:\maven_place\apache-maven-3.6.1\mvn_repo\org\hibernate\validator\hibernate-validator\6.0.17.Final\hibernate-validator-6.0.17.Final.jar;D:\maven_place\apache-maven-3.6.1\mvn_repo\org\jboss\logging\jboss-logging\3.4.1.Final\jboss-logging-3.4.1.Final.jar;D:\maven_place\apache-maven-3.6.1\mvn_repo\com\fasterxml\classmate\1.5.0\classmate-1.5.0.jar;D:\maven_place\apache-maven-3.6.1\mvn_repo\org\springframework\spring-web\5.2.0.RELEASE\spring-web-5.2.0.RELEASE.jar;D:\maven_place\apache-maven-3.6.1\mvn_repo\org\springframework\spring-webmvc\5.2.0.RELEASE\spring-webmvc-5.2.0.RELEASE.jar;D:\maven_place\apache-maven-3.6.1\mvn_repo\org\springframework\spring-aop\5.2.0.RELEASE\spring-aop-5.2.0.RELEASE.jar;D:\maven_place\apache-maven-3.6.1\mvn_repo\org\springframework\spring-context\5.2.0.RELEASE\spring-context-5.2.0.RELEASE.jar;D:\maven_place\apache-maven-3.6.1\mvn_repo\org\springframework\spring-expression\5.2.0.RELEASE\spring-expression-5.2.0.RELEASE.jar;D:\maven_place\apache-maven-3.6.1\mvn_repo\org\mybatis\spring\boot\mybatis-spring-boot-starter\2.1.1\mybatis-spring-boot-starter-2.1.1.jar;D:\maven_place\apache-maven-3.6.1\mvn_repo\org\mybatis\spring\boot\mybatis-spring-boot-autoconfigure\2.1.1\mybatis-spring-boot-autoconfigure-2.1.1.jar;D:\maven_place\apache-maven-3.6.1\mvn_repo\org\mybatis\mybatis\3.5.3\mybatis-3.5.3.jar;D:\maven_place\apache-maven-3.6.1\mvn_repo\org\mybatis\mybatis-spring\2.0.3\mybatis-spring-2.0.3.jar;D:\maven_place\apache-maven-3.6.1\mvn_repo\mysql\mysql-connector-java\8.0.18\mysql-connector-java-8.0.18.jar;D:\maven_place\apache-maven-3.6.1\mvn_repo\org\springframework\boot\spring-boot-starter-test\2.2.0.RELEASE\spring-boot-starter-test-2.2.0.RELEASE.jar;D:\maven_place\apache-maven-3.6.1\mvn_repo\org\springframework\boot\spring-boot-test\2.2.0.RELEASE\spring-boot-test-2.2.0.RELEASE.jar;D:\maven_place\apache-maven-3.6.1\mvn_repo\org\springframework\boot\spring-boot-test-autoconfigure\2.2.0.RELEASE\spring-boot-test-autoconfigure-2.2.0.RELEASE.jar;D:\maven_place\apache-maven-3.6.1\mvn_repo\com\jayway\jsonpath\json-path\2.4.0\json-path-2.4.0.jar;D:\maven_place\apache-maven-3.6.1\mvn_repo\net\minidev\json-smart\2.3\json-smart-2.3.jar;D:\maven_place\apache-maven-3.6.1\mvn_repo\net\minidev\accessors-smart\1.2\accessors-smart-1.2.jar;D:\maven_place\apache-maven-3.6.1\mvn_repo\org\ow2\asm\asm\5.0.4\asm-5.0.4.jar;D:\maven_place\apache-maven-3.6.1\mvn_repo\jakarta\xml\bind\jakarta.xml.bind-api\2.3.2\jakarta.xml.bind-api-2.3.2.jar;D:\maven_place\apache-maven-3.6.1\mvn_repo\jakarta\activation\jakarta.activation-api\1.2.1\jakarta.activation-api-1.2.1.jar;D:\maven_place\apache-maven-3.6.1\mvn_repo\org\junit\jupiter\junit-jupiter\5.5.2\junit-jupiter-5.5.2.jar;D:\maven_place\apache-maven-3.6.1\mvn_repo\org\junit\jupiter\junit-jupiter-api\5.5.2\junit-jupiter-api-5.5.2.jar;D:\maven_place\apache-maven-3.6.1\mvn_repo\org\apiguardian\apiguardian-api\1.1.0\apiguardian-api-1.1.0.jar;D:\maven_place\apache-maven-3.6.1\mvn_repo\org\opentest4j\opentest4j\1.2.0\opentest4j-1.2.0.jar;D:\maven_place\apache-maven-3.6.1\mvn_repo\org\junit\platform\junit-platform-commons\1.5.2\junit-platform-commons-1.5.2.jar;D:\maven_place\apache-maven-3.6.1\mvn_repo\org\junit\jupiter\junit-jupiter-params\5.5.2\junit-jupiter-params-5.5.2.jar;D:\maven_place\apache-maven-3.6.1\mvn_repo\org\junit\jupiter\junit-jupiter-engine\5.5.2\junit-jupiter-engine-5.5.2.jar;D:\maven_place\apache-maven-3.6.1\mvn_repo\org\junit\platform\junit-platform-engine\1.5.2\junit-platform-engine-1.5.2.jar;D:\maven_place\apache-maven-3.6.1\mvn_repo\org\mockito\mockito-junit-jupiter\3.1.0\mockito-junit-jupiter-3.1.0.jar;D:\maven_place\apache-maven-3.6.1\mvn_repo\org\assertj\assertj-core\3.13.2\assertj-core-3.13.2.jar;D:\maven_place\apache-maven-3.6.1\mvn_repo\org\hamcrest\hamcrest\2.1\hamcrest-2.1.jar;D:\maven_place\apache-maven-3.6.1\mvn_repo\org\mockito\mockito-core\3.1.0\mockito-core-3.1.0.jar;D:\maven_place\apache-maven-3.6.1\mvn_repo\net\bytebuddy\byte-buddy\1.10.1\byte-buddy-1.10.1.jar;D:\maven_place\apache-maven-3.6.1\mvn_repo\net\bytebuddy\byte-buddy-agent\1.10.1\byte-buddy-agent-1.10.1.jar;D:\maven_place\apache-maven-3.6.1\mvn_repo\org\objenesis\objenesis\2.6\objenesis-2.6.jar;D:\maven_place\apache-maven-3.6.1\mvn_repo\org\skyscreamer\jsonassert\1.5.0\jsonassert-1.5.0.jar;D:\maven_place\apache-maven-3.6.1\mvn_repo\com\vaadin\external\google\android-json\0.0.20131108.vaadin1\android-json-0.0.20131108.vaadin1.jar;D:\maven_place\apache-maven-3.6.1\mvn_repo\org\springframework\spring-core\5.2.0.RELEASE\spring-core-5.2.0.RELEASE.jar;D:\maven_place\apache-maven-3.6.1\mvn_repo\org\springframework\spring-jcl\5.2.0.RELEASE\spring-jcl-5.2.0.RELEASE.jar;D:\maven_place\apache-maven-3.6.1\mvn_repo\org\springframework\spring-test\5.2.0.RELEASE\spring-test-5.2.0.RELEASE.jar;D:\maven_place\apache-maven-3.6.1\mvn_repo\org\xmlunit\xmlunit-core\2.6.3\xmlunit-core-2.6.3.jar;D:\maven_place\apache-maven-3.6.1\mvn_repo\org\mybatis\generator\mybatis-generator-core\1.4.0\mybatis-generator-core-1.4.0.jar;D:\maven_place\apache-maven-3.6.1\mvn_repo\javax\annotation\javax.annotation-api\1.3.2\javax.annotation-api-1.3.2.jar;D:\maven_place\apache-maven-3.6.1\mvn_repo\org\projectlombok\lombok\1.18.10\lombok-1.18.10.jar;D:\maven_place\apache-maven-3.6.1\mvn_repo\org\apache\shiro\shiro-spring\1.4.0\shiro-spring-1.4.0.jar;D:\maven_place\apache-maven-3.6.1\mvn_repo\org\apache\shiro\shiro-core\1.4.0\shiro-core-1.4.0.jar;D:\maven_place\apache-maven-3.6.1\mvn_repo\org\apache\shiro\shiro-lang\1.4.0\shiro-lang-1.4.0.jar;D:\maven_place\apache-maven-3.6.1\mvn_repo\org\apache\shiro\shiro-cache\1.4.0\shiro-cache-1.4.0.jar;D:\maven_place\apache-maven-3.6.1\mvn_repo\org\apache\shiro\shiro-crypto-hash\1.4.0\shiro-crypto-hash-1.4.0.jar;D:\maven_place\apache-maven-3.6.1\mvn_repo\org\apache\shiro\shiro-crypto-core\1.4.0\shiro-crypto-core-1.4.0.jar;D:\maven_place\apache-maven-3.6.1\mvn_repo\org\apache\shiro\shiro-crypto-cipher\1.4.0\shiro-crypto-cipher-1.4.0.jar;D:\maven_place\apache-maven-3.6.1\mvn_repo\org\apache\shiro\shiro-config-core\1.4.0\shiro-config-core-1.4.0.jar;D:\maven_place\apache-maven-3.6.1\mvn_repo\org\apache\shiro\shiro-config-ogdl\1.4.0\shiro-config-ogdl-1.4.0.jar;D:\maven_place\apache-maven-3.6.1\mvn_repo\commons-beanutils\commons-beanutils\1.9.3\commons-beanutils-1.9.3.jar;D:\maven_place\apache-maven-3.6.1\mvn_repo\commons-collections\commons-collections\3.2.2\commons-collections-3.2.2.jar;D:\maven_place\apache-maven-3.6.1\mvn_repo\org\apache\shiro\shiro-event\1.4.0\shiro-event-1.4.0.jar;D:\maven_place\apache-maven-3.6.1\mvn_repo\org\apache\shiro\shiro-web\1.4.0\shiro-web-1.4.0.jar;D:\maven_place\apache-maven-3.6.1\mvn_repo\org\springframework\boot\spring-boot-starter-tomcat\2.2.0.RELEASE\spring-boot-starter-tomcat-2.2.0.RELEASE.jar;D:\maven_place\apache-maven-3.6.1\mvn_repo\jakarta\annotation\jakarta.annotation-api\1.3.5\jakarta.annotation-api-1.3.5.jar;D:\maven_place\apache-maven-3.6.1\mvn_repo\org\apache\tomcat\embed\tomcat-embed-core\9.0.27\tomcat-embed-core-9.0.27.jar;D:\maven_place\apache-maven-3.6.1\mvn_repo\org\apache\tomcat\embed\tomcat-embed-el\9.0.27\tomcat-embed-el-9.0.27.jar;D:\maven_place\apache-maven-3.6.1\mvn_repo\org\apache\tomcat\embed\tomcat-embed-websocket\9.0.27\tomcat-embed-websocket-9.0.27.jar;D:\maven_place\apache-maven-3.6.1\mvn_repo\javax\servlet\javax.servlet-api\4.0.1\javax.servlet-api-4.0.1.jar;D:\maven_place\apache-maven-3.6.1\mvn_repo\javax\servlet\jstl\1.2\jstl-1.2.jar;D:\maven_place\apache-maven-3.6.1\mvn_repo\org\apache\tomcat\embed\tomcat-embed-jasper\9.0.27\tomcat-embed-jasper-9.0.27.jar;D:\maven_place\apache-maven-3.6.1\mvn_repo\org\eclipse\jdt\ecj\3.18.0\ecj-3.18.0.jar;D:\maven_place\apache-maven-3.6.1\mvn_repo\com\github\pagehelper\pagehelper-spring-boot-starter\1.2.3\pagehelper-spring-boot-starter-1.2.3.jar;D:\maven_place\apache-maven-3.6.1\mvn_repo\com\github\pagehelper\pagehelper-spring-boot-autoconfigure\1.2.3\pagehelper-spring-boot-autoconfigure-1.2.3.jar;D:\maven_place\apache-maven-3.6.1\mvn_repo\com\github\pagehelper\pagehelper\5.1.2\pagehelper-5.1.2.jar;D:\maven_place\apache-maven-3.6.1\mvn_repo\com\github\jsqlparser\jsqlparser\1.0\jsqlparser-1.0.jar;"/>
    <property name="sun.cpu.endian" value="little"/>
    <property name="user.home" value="C:\Users\我"/>
    <property name="user.language" value="zh"/>
    <property name="java.specification.vendor" value="Oracle Corporation"/>
    <property name="java.version.date" value="2022-08-12"/>
    <property name="java.home" value="C:\Program Files\Microsoft\jdk-11.0.16.101-hotspot"/>
    <property name="file.separator" value="\"/>
    <property name="basedir" value="D:\idea\JAVA web\EducationalManagementSystem"/>
    <property name="java.vm.compressedOopsMode" value="Zero based"/>
    <property name="line.separator" value="&#10;"/>
    <property name="java.specification.name" value="Java Platform API Specification"/>
    <property name="java.vm.specification.vendor" value="Oracle Corporation"/>
    <property name="java.awt.graphicsenv" value="sun.awt.Win32GraphicsEnvironment"/>
    <property name="surefire.real.class.path" value="C:\Users\我\AppData\Local\Temp\surefire8785371405899032543\surefirebooter9130733256002685621.jar"/>
    <property name="user.script" value=""/>
    <property name="sun.management.compiler" value="HotSpot 64-Bit Tiered Compilers"/>
    <property name="java.runtime.version" value="11.0.16.1+1-LTS"/>
    <property name="user.name" value="我"/>
    <property name="path.separator" value=";"/>
    <property name="os.version" value="10.0"/>
    <property name="java.runtime.name" value="OpenJDK Runtime Environment"/>
    <property name="file.encoding" value="GBK"/>
    <property name="java.vm.name" value="OpenJDK 64-Bit Server VM"/>
    <property name="java.vendor.version" value="Microsoft-40648"/>
    <property name="localRepository" value="D:\maven_place\apache-maven-3.6.1\mvn_repo"/>
    <property name="java.vendor.url.bug" value="https://github.com/microsoft/openjdk/issues"/>
    <property name="java.io.tmpdir" value="C:\Users\我\AppData\Local\Temp\"/>
    <property name="idea.version" value="2023.1.1"/>
    <property name="java.version" value="11.0.16.1"/>
    <property name="user.dir" value="D:\idea\JAVA web\EducationalManagementSystem"/>
    <property name="os.arch" value="amd64"/>
    <property name="java.vm.specification.name" value="Java Virtual Machine Specification"/>
    <property name="java.awt.printerjob" value="sun.awt.windows.WPrinterJob"/>
    <property name="sun.os.patch.level" value=""/>
    <property name="java.library.path" value="C:\Program Files\Microsoft\jdk-11.0.16.101-hotspot\bin;C:\WINDOWS\Sun\Java\bin;C:\WINDOWS\system32;C:\WINDOWS;D:\VMware\VMware Workstation\bin\;C:\Program Files\Java\jdk-1.8;C:\Program Files\Microsoft\jdk-11.0.16.101-hotspot\bin;C:\Program Files\Common Files\Oracle\Java\javapath;C:\Program Files (x86)\Common Files\Oracle\Java\java8path;C:\Program Files (x86)\Common Files\Oracle\Java\javapath;C:\Program Files\Microsoft\jdk-11.0.16.101-hotspot\jre\bin;C:\Program Files\Microsoft\jdk-11.0.16.101-hotspot\bin;C:\Windows\system32;C:\Windows;C:\Windows\System32\Wbem;C:\Windows\System32\WindowsPowerShell\v1.0\;C:\Windows\System32\OpenSSH\;C:\Program Files (x86)\NVIDIA Corporation\PhysX\Common;C:\Program Files\NVIDIA Corporation\NVIDIA NvDLISR;C:\Program Files\mingw64\bin;C:\Program Files\Bandizip\;C:\Program Files\Microsoft SQL Server\150\Tools\Binn\;D:\JS\;D:\git\Git\cmd;C:\Program Files\Java\jdk-1.8\bin;%JRE_HOME%\bin;d:\Microsoft VS Code\bin;D:\mini\微信web开发者工具\dll;D:\maven_place\apache-maven-3.6.1\bin;C:\Program Files\MySQL\MySQL Server 8.0\bin;D:\Anaconda;D:\Anaconda\Library\bin;D:\Anaconda\Scripts;D:\Redis\;D:\Matlab 2024a\runtime\win64;D:\Matlab 2024a\bin;C:\WINDOWS\system32;C:\WINDOWS;C:\WINDOWS\System32\Wbem;C:\WINDOWS\System32\WindowsPowerShell\v1.0\;C:\WINDOWS\System32\OpenSSH\;C:\Program Files\dotnet\;D:\cmake\cmake\bin;C:\Program Files\MySQL\MySQL Shell 8.0\bin\;C:\Users\我\AppData\Local\Programs\Python\Python311\Scripts\;C:\Users\我\AppData\Local\Programs\Python\Python311\;C:\Users\我\AppData\Local\Microsoft\WindowsApps;C:\Program Files\JetBrains\PyCharm Community Edition 2022.3.3\bin;;D:\Program Files\IntelliJ IDEA 2023.1.1\bin;;C:\Users\我\AppData\Roaming\npm;C:\Users\我\AppData\Local\GitHubDesktop\bin;D:\PYCHARM\PyCharm 2023.1.6\bin;;C:\Program Files\Bandizip\;C:\Users\我\.dotnet\tools;."/>
    <property name="java.vm.info" value="mixed mode"/>
    <property name="java.vendor" value="Microsoft"/>
    <property name="java.vm.version" value="11.0.16.1+1-LTS"/>
    <property name="sun.io.unicode.encoding" value="UnicodeLittle"/>
    <property name="java.class.version" value="55.0"/>
  </properties>
  <testcase name="contextLoads" classname="com.liuyiliang.SpringbootEduApplicationTests" time="0.001"/>
</testsuite>